[2019-10-24 14:00:30.628] [renderer1] [error] Unable to write into user settings. Please open the user settings to correct errors/warnings in it and try again.: Error: Unable to write into user settings. Please open the user settings to correct errors/warnings in it and try again.
    at D.reject (file:///opt/visual-studio-code/resources/app/out/vs/workbench/workbench.desktop.main.js:4513:395)
    at t.resource.resolveModelReference.then.n (file:///opt/visual-studio-code/resources/app/out/vs/workbench/workbench.desktop.main.js:4516:575)
    at process._tickCallback (internal/process/next_tick.js:68:7)
[2019-10-24 14:00:35.665] [renderer1] [error] Unable to write into user settings. Please open the user settings to correct errors/warnings in it and try again.: Error: Unable to write into user settings. Please open the user settings to correct errors/warnings in it and try again.
    at D.reject (file:///opt/visual-studio-code/resources/app/out/vs/workbench/workbench.desktop.main.js:4513:395)
    at t.resource.resolveModelReference.then.n (file:///opt/visual-studio-code/resources/app/out/vs/workbench/workbench.desktop.main.js:4516:575)
[2019-10-24 14:00:44.573] [renderer1] [error] TreeError [MarkersPanel] Tree element not found: [object Object]: Error: TreeError [MarkersPanel] Tree element not found: [object Object]
    at t.ObjectTreeModel.getElementLocation (file:///opt/visual-studio-code/resources/app/out/vs/workbench/workbench.desktop.main.js:134:322)
    at t.ObjectTreeModel.isCollapsed (file:///opt/visual-studio-code/resources/app/out/vs/workbench/workbench.desktop.main.js:133:544)
    at W.isCollapsed (file:///opt/visual-studio-code/resources/app/out/vs/workbench/workbench.desktop.main.js:1028:72)
    at z.revealMarkersForCurrentActiveEditor (file:///opt/visual-studio-code/resources/app/out/vs/workbench/workbench.desktop.main.js:5826:628)
    at z.autoReveal (file:///opt/visual-studio-code/resources/app/out/vs/workbench/workbench.desktop.main.js:5826:485)
    at z.onActiveEditorChanged (file:///opt/visual-studio-code/resources/app/out/vs/workbench/workbench.desktop.main.js:5823:776)
    at _register.y.Event.any.e (file:///opt/visual-studio-code/resources/app/out/vs/workbench/workbench.desktop.main.js:5822:754)
    at e (file:///opt/visual-studio-code/resources/app/out/vs/workbench/workbench.desktop.main.js:112:963)
    at c.fire (file:///opt/visual-studio-code/resources/app/out/vs/workbench/workbench.desktop.main.js:116:519)
    at e.doEmitActiveEditorChangeEvent (file:///opt/visual-studio-code/resources/app/out/vs/workbench/workbench.desktop.main.js:4833:364)
    at e.handleActiveEditorChange (file:///opt/visual-studio-code/resources/app/out/vs/workbench/workbench.desktop.main.js:4833:160)
    at t.add.e.onDidGroupChange.t (file:///opt/visual-studio-code/resources/app/out/vs/workbench/workbench.desktop.main.js:4833:474)
    at c.fire (file:///opt/visual-studio-code/resources/app/out/vs/workbench/workbench.desktop.main.js:116:519)
    at t (file:///opt/visual-studio-code/resources/app/out/vs/workbench/workbench.desktop.main.js:5473:454)
    at process._tickCallback (internal/process/next_tick.js:68:7)
