User belongs to experiment group 'AlwaysDisplayTestExplorer - control'
User belongs to experiment group 'ShowPlayIcon - start'
User belongs to experiment group 'ShowExtensionSurveyPrompt - control'
> conda --version
> pyenv root
> python3.7 -c "import sys;print(sys.executable)"
> python3.6 -c "import sys;print(sys.executable)"
> python3 -c "import sys;print(sys.executable)"
> python2 -c "import sys;print(sys.executable)"
> python -c "import sys;print(sys.executable)"
> python -c "import sys;print(sys.executable)"
> conda info --json
> /usr/bin/python ~/.vscode/extensions/ms-python.python-2019.10.44104/pythonFiles/interpreterInfo.py
> /usr/bin/python ~/.vscode/extensions/ms-python.python-2019.10.44104/pythonFiles/interpreterInfo.py
> /usr/bin/python2 ~/.vscode/extensions/ms-python.python-2019.10.44104/pythonFiles/interpreterInfo.py
> /usr/bin/python2 ~/.vscode/extensions/ms-python.python-2019.10.44104/pythonFiles/interpreterInfo.py
> /usr/bin/python2.7 ~/.vscode/extensions/ms-python.python-2019.10.44104/pythonFiles/interpreterInfo.py
> /usr/bin/python2.7 ~/.vscode/extensions/ms-python.python-2019.10.44104/pythonFiles/interpreterInfo.py
> /usr/bin/python3 ~/.vscode/extensions/ms-python.python-2019.10.44104/pythonFiles/interpreterInfo.py
> /usr/bin/python3 ~/.vscode/extensions/ms-python.python-2019.10.44104/pythonFiles/interpreterInfo.py
> /usr/bin/python3.7 ~/.vscode/extensions/ms-python.python-2019.10.44104/pythonFiles/interpreterInfo.py
> /usr/bin/python3.7 ~/.vscode/extensions/ms-python.python-2019.10.44104/pythonFiles/interpreterInfo.py
> /bin/python ~/.vscode/extensions/ms-python.python-2019.10.44104/pythonFiles/interpreterInfo.py
> /bin/python ~/.vscode/extensions/ms-python.python-2019.10.44104/pythonFiles/interpreterInfo.py
> /bin/python2 ~/.vscode/extensions/ms-python.python-2019.10.44104/pythonFiles/interpreterInfo.py
> /bin/python2 ~/.vscode/extensions/ms-python.python-2019.10.44104/pythonFiles/interpreterInfo.py
> /bin/python2.7 ~/.vscode/extensions/ms-python.python-2019.10.44104/pythonFiles/interpreterInfo.py
> /bin/python2.7 ~/.vscode/extensions/ms-python.python-2019.10.44104/pythonFiles/interpreterInfo.py
> /bin/python3 ~/.vscode/extensions/ms-python.python-2019.10.44104/pythonFiles/interpreterInfo.py
> /bin/python3 ~/.vscode/extensions/ms-python.python-2019.10.44104/pythonFiles/interpreterInfo.py
> /bin/python3.7 ~/.vscode/extensions/ms-python.python-2019.10.44104/pythonFiles/interpreterInfo.py
> /bin/python3.7 ~/.vscode/extensions/ms-python.python-2019.10.44104/pythonFiles/interpreterInfo.py
> /usr/bin/python ~/.vscode/extensions/ms-python.python-2019.10.44104/pythonFiles/interpreterInfo.py
> /usr/bin/python ~/.vscode/extensions/ms-python.python-2019.10.44104/pythonFiles/interpreterInfo.py
> /usr/bin/python2 ~/.vscode/extensions/ms-python.python-2019.10.44104/pythonFiles/interpreterInfo.py
> /usr/bin/python2 ~/.vscode/extensions/ms-python.python-2019.10.44104/pythonFiles/interpreterInfo.py
> /usr/bin/python2.7 ~/.vscode/extensions/ms-python.python-2019.10.44104/pythonFiles/interpreterInfo.py
> /usr/bin/python2.7 ~/.vscode/extensions/ms-python.python-2019.10.44104/pythonFiles/interpreterInfo.py
> /usr/bin/python3 ~/.vscode/extensions/ms-python.python-2019.10.44104/pythonFiles/interpreterInfo.py
> /usr/bin/python3 ~/.vscode/extensions/ms-python.python-2019.10.44104/pythonFiles/interpreterInfo.py
> /usr/bin/python3.7 ~/.vscode/extensions/ms-python.python-2019.10.44104/pythonFiles/interpreterInfo.py
> /usr/bin/python3.7 ~/.vscode/extensions/ms-python.python-2019.10.44104/pythonFiles/interpreterInfo.py
> /bin/python ~/.vscode/extensions/ms-python.python-2019.10.44104/pythonFiles/interpreterInfo.py
> /bin/python ~/.vscode/extensions/ms-python.python-2019.10.44104/pythonFiles/interpreterInfo.py
> /bin/python2 ~/.vscode/extensions/ms-python.python-2019.10.44104/pythonFiles/interpreterInfo.py
> /bin/python2 ~/.vscode/extensions/ms-python.python-2019.10.44104/pythonFiles/interpreterInfo.py
> /bin/python2.7 ~/.vscode/extensions/ms-python.python-2019.10.44104/pythonFiles/interpreterInfo.py
> /bin/python2.7 ~/.vscode/extensions/ms-python.python-2019.10.44104/pythonFiles/interpreterInfo.py
> /bin/python3 ~/.vscode/extensions/ms-python.python-2019.10.44104/pythonFiles/interpreterInfo.py
> /bin/python3 ~/.vscode/extensions/ms-python.python-2019.10.44104/pythonFiles/interpreterInfo.py
> /bin/python3.7 ~/.vscode/extensions/ms-python.python-2019.10.44104/pythonFiles/interpreterInfo.py
> /bin/python3.7 ~/.vscode/extensions/ms-python.python-2019.10.44104/pythonFiles/interpreterInfo.py
> /usr/sbin/python ~/.vscode/extensions/ms-python.python-2019.10.44104/pythonFiles/interpreterInfo.py
> /usr/sbin/python ~/.vscode/extensions/ms-python.python-2019.10.44104/pythonFiles/interpreterInfo.py
> /usr/sbin/python2 ~/.vscode/extensions/ms-python.python-2019.10.44104/pythonFiles/interpreterInfo.py
> /usr/sbin/python2 ~/.vscode/extensions/ms-python.python-2019.10.44104/pythonFiles/interpreterInfo.py
> /usr/sbin/python2.7 ~/.vscode/extensions/ms-python.python-2019.10.44104/pythonFiles/interpreterInfo.py
> /usr/sbin/python2.7 ~/.vscode/extensions/ms-python.python-2019.10.44104/pythonFiles/interpreterInfo.py
> /usr/sbin/python3 ~/.vscode/extensions/ms-python.python-2019.10.44104/pythonFiles/interpreterInfo.py
> /usr/sbin/python3 ~/.vscode/extensions/ms-python.python-2019.10.44104/pythonFiles/interpreterInfo.py
> /usr/sbin/python3.7 ~/.vscode/extensions/ms-python.python-2019.10.44104/pythonFiles/interpreterInfo.py
> /usr/sbin/python3.7 ~/.vscode/extensions/ms-python.python-2019.10.44104/pythonFiles/interpreterInfo.py
> /sbin/python ~/.vscode/extensions/ms-python.python-2019.10.44104/pythonFiles/interpreterInfo.py
> /sbin/python ~/.vscode/extensions/ms-python.python-2019.10.44104/pythonFiles/interpreterInfo.py
> /sbin/python2 ~/.vscode/extensions/ms-python.python-2019.10.44104/pythonFiles/interpreterInfo.py
> /sbin/python2 ~/.vscode/extensions/ms-python.python-2019.10.44104/pythonFiles/interpreterInfo.py
> /sbin/python2.7 ~/.vscode/extensions/ms-python.python-2019.10.44104/pythonFiles/interpreterInfo.py
> /sbin/python2.7 ~/.vscode/extensions/ms-python.python-2019.10.44104/pythonFiles/interpreterInfo.py
> /sbin/python3 ~/.vscode/extensions/ms-python.python-2019.10.44104/pythonFiles/interpreterInfo.py
> /sbin/python3 ~/.vscode/extensions/ms-python.python-2019.10.44104/pythonFiles/interpreterInfo.py
> /sbin/python3.7 ~/.vscode/extensions/ms-python.python-2019.10.44104/pythonFiles/interpreterInfo.py
> /sbin/python3.7 ~/.vscode/extensions/ms-python.python-2019.10.44104/pythonFiles/interpreterInfo.py
Starting Microsoft Python language server.
> conda info --json
> conda --version
